#
# There is insufficient memory for the Java Runtime Environment to continue.
# Native memory allocation (malloc) failed to allocate 1048576 bytes. Error detail: AllocateHeap
# Possible reasons:
#   The system is out of physical RAM or swap space
#   This process is running with CompressedOops enabled, and the Java Heap may be blocking the growth of the native heap
# Possible solutions:
#   Reduce memory load on the system
#   Increase physical memory or swap space
#   Check if swap backing store is full
#   Decrease Java heap size (-Xmx/-Xms)
#   Decrease number of Java threads
#   Decrease Java thread stack sizes (-Xss)
#   Set larger code cache with -XX:ReservedCodeCacheSize=
#   JVM is running with Zero Based Compressed Oops mode in which the Java heap is
#     placed in the first 32GB address space. The Java Heap base address is the
#     maximum limit for the native heap growth. Please use -XX:HeapBaseMinAddress
#     to set the Java Heap base and to place the Java Heap above 32GB virtual address.
# This output file may be truncated or incomplete.
#
#  Out of Memory Error (allocation.cpp:44), pid=20112, tid=16044
#
# JRE version:  (17.0.11+1) (build )
# Java VM: OpenJDK 64-Bit Server VM (17.0.11+1-b1207.24, mixed mode, sharing, tiered, compressed oops, compressed class ptrs, g1 gc, windows-amd64)
# No core dump will be written. Minidumps are not enabled by default on client versions of Windows
#

---------------  S U M M A R Y ------------

Command Line: git4idea.http.GitAskPassApp Username for 'https://github.com': 

Host: AMD Ryzen 7 4800H with Radeon Graphics         , 16 cores, 15G,  Windows 11 , 64 bit Build 22621 (10.0.22621.3672)
Time: Wed Jul 10 21:25:05 2024 SE Asia Standard Time elapsed time: 0.501045 seconds (0d 0h 0m 0s)

---------------  T H R E A D  ---------------

Current thread (0x0000021b5c9df150):  JavaThread "Unknown thread" [_thread_in_vm, id=16044, stack(0x0000004bc8b00000,0x0000004bc8c00000)]

Stack: [0x0000004bc8b00000,0x0000004bc8c00000]
Native frames: (J=compiled Java code, j=interpreted, Vv=VM code, C=native code)
V  [jvm.dll+0x6877f9]
V  [jvm.dll+0x8411aa]
V  [jvm.dll+0x842e2e]
V  [jvm.dll+0x843493]
V  [jvm.dll+0x249fdf]
V  [jvm.dll+0xa6cc3]
V  [jvm.dll+0x2e9c27]
V  [jvm.dll+0x2e18bb]
V  [jvm.dll+0x811c71]
V  [jvm.dll+0x36f7c8]
V  [jvm.dll+0x7f05f6]
V  [jvm.dll+0x3f398f]
V  [jvm.dll+0x3f5541]
C  [jli.dll+0x528f]
C  [ucrtbase.dll+0x29333]
C  [KERNEL32.DLL+0x1257d]
C  [ntdll.dll+0x5af28]


---------------  P R O C E S S  ---------------

Threads class SMR info:
_java_thread_list=0x00007ffbb1d8efd8, length=0, elements={
}

Java Threads: ( => current thread )

Other Threads:
  0x0000021b5ca48a20 GCTaskThread "GC Thread#0" [stack: 0x0000004bc8c00000,0x0000004bc8d00000] [id=16060]

[error occurred during error reporting (printing all threads), id 0xc0000005, EXCEPTION_ACCESS_VIOLATION (0xc0000005) at pc=0x00007ffbb153eb70]

VM state: not at safepoint (not fully initialized)

VM Mutex/Monitor currently owned by a thread:  ([mutex/lock_event])
[0x0000021b5c9d8b70] Heap_lock - owner thread: 0x0000021b5c9df150

Heap address: 0x000000070a000000, size: 3936 MB, Compressed Oops mode: Zero based, Oop shift amount: 3

CDS archive(s) mapped at: [0x0000000000000000-0x0000000000000000-0x0000000000000000), size 0, SharedBaseAddress: 0x0000000800000000, ArchiveRelocationMode: 1.
Narrow klass base: 0x0000000000000000, Narrow klass shift: 0, Narrow klass range: 0x0

GC Precious Log:
<Empty>

Heap:
 garbage-first heap   total 0K, used 0K [0x000000070a000000, 0x0000000800000000)
  region size 2048K, 0 young (0K), 0 survivors (0K)
 Metaspace       used 0K, committed 0K, reserved 0K
  class space    used 0K, committed 0K, reserved 0K

Heap Regions: E=young(eden), S=young(survivor), O=old, HS=humongous(starts), HC=humongous(continues), CS=collection set, F=free, OA=open archive, CA=closed archive, TAMS=top-at-mark-start (previous, next)

Card table byte_map: [0x0000021b701a0000,0x0000021b70950000] _byte_map_base: 0x0000021b6c950000

GC Heap History (0 events):
No events

Dll operation events (1 events):
Event: 0.012 Loaded shared library C:\Users\Ojan\AppData\Local\Programs\WebStorm\jbr\bin\java.dll

Deoptimization events (0 events):
No events

Classes unloaded (0 events):
No events

Classes redefined (0 events):
No events

Internal exceptions (0 events):
No events

VM Operations (0 events):
No events

Events (0 events):
No events


Dynamic libraries:
0x00007ff63eef0000 - 0x00007ff63eefa000 	C:\Users\Ojan\AppData\Local\Programs\WebStorm\jbr\bin\java.exe
0x00007ffc4a5d0000 - 0x00007ffc4a7e7000 	C:\Windows\SYSTEM32\ntdll.dll
0x00007ffc48fe0000 - 0x00007ffc490a4000 	C:\Windows\System32\KERNEL32.DLL
0x00007ffc47f60000 - 0x00007ffc4830d000 	C:\Windows\System32\KERNELBASE.dll
0x00007ffc47aa0000 - 0x00007ffc47bb1000 	C:\Windows\System32\ucrtbase.dll
0x00007ffc18c10000 - 0x00007ffc18c27000 	C:\Users\Ojan\AppData\Local\Programs\WebStorm\jbr\bin\jli.dll
0x00007ffc307f0000 - 0x00007ffc3080b000 	C:\Users\Ojan\AppData\Local\Programs\WebStorm\jbr\bin\VCRUNTIME140.dll
0x00007ffc4a3e0000 - 0x00007ffc4a58e000 	C:\Windows\System32\USER32.dll
0x00007ffc47eb0000 - 0x00007ffc47ed6000 	C:\Windows\System32\win32u.dll
0x00007ffc48f50000 - 0x00007ffc48f79000 	C:\Windows\System32\GDI32.dll
0x00007ffc47c30000 - 0x00007ffc47d49000 	C:\Windows\System32\gdi32full.dll
0x00007ffc2b470000 - 0x00007ffc2b703000 	C:\Windows\WinSxS\amd64_microsoft.windows.common-controls_6595b64144ccf1df_6.0.22621.3672_none_2713b9d173822955\COMCTL32.dll
0x00007ffc47e10000 - 0x00007ffc47eaa000 	C:\Windows\System32\msvcp_win.dll
0x00007ffc48480000 - 0x00007ffc48527000 	C:\Windows\System32\msvcrt.dll
0x00007ffc4a3a0000 - 0x00007ffc4a3d1000 	C:\Windows\System32\IMM32.DLL
0x00007ffc440b0000 - 0x00007ffc440bc000 	C:\Users\Ojan\AppData\Local\Programs\WebStorm\jbr\bin\vcruntime140_1.dll
0x00007ffc1f4b0000 - 0x00007ffc1f53d000 	C:\Users\Ojan\AppData\Local\Programs\WebStorm\jbr\bin\msvcp140.dll
0x00007ffbb1250000 - 0x00007ffbb1ed3000 	C:\Users\Ojan\AppData\Local\Programs\WebStorm\jbr\bin\server\jvm.dll
0x00007ffc49c60000 - 0x00007ffc49d12000 	C:\Windows\System32\ADVAPI32.dll
0x00007ffc49f60000 - 0x00007ffc4a009000 	C:\Windows\System32\sechost.dll
0x00007ffc47a70000 - 0x00007ffc47a98000 	C:\Windows\System32\bcrypt.dll
0x00007ffc48840000 - 0x00007ffc48954000 	C:\Windows\System32\RPCRT4.dll
0x00007ffbffdf0000 - 0x00007ffbffdf9000 	C:\Windows\SYSTEM32\WSOCK32.dll
0x00007ffc47610000 - 0x00007ffc4765d000 	C:\Windows\SYSTEM32\POWRPROF.dll
0x00007ffc41720000 - 0x00007ffc41754000 	C:\Windows\SYSTEM32\WINMM.dll
0x00007ffc3eb90000 - 0x00007ffc3eb9a000 	C:\Windows\SYSTEM32\VERSION.dll
0x00007ffc49190000 - 0x00007ffc49201000 	C:\Windows\System32\WS2_32.dll
0x00007ffc475f0000 - 0x00007ffc47603000 	C:\Windows\SYSTEM32\UMPDC.dll
0x00007ffc46850000 - 0x00007ffc46868000 	C:\Windows\SYSTEM32\kernel.appcore.dll
0x00007ffc417c0000 - 0x00007ffc417ca000 	C:\Users\Ojan\AppData\Local\Programs\WebStorm\jbr\bin\jimage.dll
0x00007ffc3e780000 - 0x00007ffc3e9b2000 	C:\Windows\SYSTEM32\DBGHELP.DLL
0x00007ffc4a010000 - 0x00007ffc4a398000 	C:\Windows\System32\combase.dll
0x00007ffc490b0000 - 0x00007ffc49187000 	C:\Windows\System32\OLEAUT32.dll
0x00007ffc3ab30000 - 0x00007ffc3ab62000 	C:\Windows\SYSTEM32\dbgcore.DLL
0x00007ffc47ee0000 - 0x00007ffc47f5b000 	C:\Windows\System32\bcryptPrimitives.dll
0x00007ffc1e190000 - 0x00007ffc1e1b5000 	C:\Users\Ojan\AppData\Local\Programs\WebStorm\jbr\bin\java.dll

dbghelp: loaded successfully - version: 4.0.5 - missing functions: none
symbol engine: initialized successfully - sym options: 0x614 - pdb path: .;C:\Users\Ojan\AppData\Local\Programs\WebStorm\jbr\bin;C:\Windows\SYSTEM32;C:\Windows\WinSxS\amd64_microsoft.windows.common-controls_6595b64144ccf1df_6.0.22621.3672_none_2713b9d173822955;C:\Users\Ojan\AppData\Local\Programs\WebStorm\jbr\bin\server

VM Arguments:
java_command: git4idea.http.GitAskPassApp Username for 'https://github.com': 
java_class_path (initial): C:/Users/Ojan/AppData/Local/Programs/WebStorm/plugins/vcs-git/lib/git4idea-rt.jar;C:/Users/Ojan/AppData/Local/Programs/WebStorm/lib/externalProcess-rt.jar
Launcher Type: SUN_STANDARD

[Global flags]
     intx CICompilerCount                          = 12                                        {product} {ergonomic}
     uint ConcGCThreads                            = 3                                         {product} {ergonomic}
     uint G1ConcRefinementThreads                  = 13                                        {product} {ergonomic}
   size_t G1HeapRegionSize                         = 2097152                                   {product} {ergonomic}
    uintx GCDrainStackTargetSize                   = 64                                        {product} {ergonomic}
   size_t InitialHeapSize                          = 257949696                                 {product} {ergonomic}
   size_t MarkStackSize                            = 4194304                                   {product} {ergonomic}
   size_t MaxHeapSize                              = 4127195136                                {product} {ergonomic}
   size_t MinHeapDeltaBytes                        = 2097152                                   {product} {ergonomic}
   size_t MinHeapSize                              = 8388608                                   {product} {ergonomic}
    uintx NonNMethodCodeHeapSize                   = 7602480                                {pd product} {ergonomic}
    uintx NonProfiledCodeHeapSize                  = 122027880                              {pd product} {ergonomic}
    uintx ProfiledCodeHeapSize                     = 122027880                              {pd product} {ergonomic}
    uintx ReservedCodeCacheSize                    = 251658240                              {pd product} {ergonomic}
     bool SegmentedCodeCache                       = true                                      {product} {ergonomic}
   size_t SoftMaxHeapSize                          = 4127195136                             {manageable} {ergonomic}
     bool UseCompressedClassPointers               = true                           {product lp64_product} {ergonomic}
     bool UseCompressedOops                        = true                           {product lp64_product} {ergonomic}
     bool UseG1GC                                  = true                                      {product} {ergonomic}
     bool UseLargePagesIndividualAllocation        = false                                  {pd product} {ergonomic}

Logging:
Log output configuration:
 #0: stdout all=warning uptime,level,tags
 #1: stderr all=off uptime,level,tags

Environment Variables:
PATH=C:\Program Files\Git\mingw64\libexec\git-core;C:\Program Files\Git\mingw64\libexec\git-core;C:\Program Files\Git\mingw64\bin;C:\Program Files\Git\usr\bin;C:\Users\Ojan\bin;C:\Program Files\Common Files\Oracle\Java\javapath;C:\Windows\system32;C:\Windows;C:\Windows\System32\Wbem;C:\Windows\System32\WindowsPowerShell\v1.0;C:\Windows\System32\OpenSSH;C:\Program Files\Git\cmd;C:\Program Files\nodejs;C:\Program Files\dotnet;C:\Program Files\Cloudflare\Cloudflare WARP;C:\Program Files\PuTTY;C:\Program Files\Docker\Docker\resources\bin;C:\Program Files (x86)\Windows Kits\10\Windows Performance Toolkit;C:\TDM-GCC-64\bin;C:\Program Files\Graphviz\bin;C:\Program Files\CMake\bin;C:\Program Files (x86)\GnuWin32\bin;C:\Program Files\Microsoft Visual Studio\2022\Community\VC\Tools\MSVC\14.39.33519\bin\Hostx64\x64;C:\Program Files\doxygen\bin;C:\sqlite;C:\maven\bin;C:\Users\Ojan\AppData\Local\Programs\Python\Python312;C:\Program Files\MySQL\MySQL Shell 8.0\bin;C:\Users\Ojan\AppData\Local\Programs\Python\Launcher;C:\Users\Ojan\AppData\Local\Microsoft\WindowsApps;C:\Users\Ojan\AppData\Local\Programs\Microsoft VS Code\bin;C:\Users\Ojan\AppData\Roaming\npm;C:\Users\Ojan\AppData\Local\Je;C:\Program Files\MySQL\MySQL Shell 8.0\bin;C:\Users\Ojan\AppData\Local\Programs\Python\Launcher;C:\Users\Ojan\AppData\Local\Microsoft\WindowsApps;C:\Users\Ojan\AppData\Local\Programs\Microsoft VS Code\bin;C:\Users\Ojan\AppData\Roaming\npm;C:\Users\Ojan\AppData\Local\JetBrains\Toolbox\scripts;C:\Users\Ojan\AppData\Local\GitHubDesktop\bin;C:\Program Files\Graphviz\bin;C:\Users\Ojan\.dotnet\tools;C:\Users\Ojan\AppData\Local\Programs\Azure Data Studio\bin;C:\ffmpeg\bin
USERNAME=Ojan
DISPLAY=:0.0
LC_ALL=en_US.UTF-8
TERM=xterm-256color
TMPDIR=C:\Users\Ojan\AppData\Local\Temp
OS=Windows_NT
PROCESSOR_IDENTIFIER=AMD64 Family 23 Model 96 Stepping 1, AuthenticAMD
TMP=C:\Users\Ojan\AppData\Local\Temp
TEMP=C:\Users\Ojan\AppData\Local\Temp



Periodic native trim disabled

JNI global refs:
JNI global refs: 0, weak refs: 0

JNI global refs memory usage: 0, weak refs: 0

Process memory usage:
Resident Set Size: 12092K (0% of 16115204K total physical memory with 1799448K free physical memory)

OOME stack traces (most recent first):
Classloader memory used:


---------------  S Y S T E M  ---------------

OS:
 Windows 11 , 64 bit Build 22621 (10.0.22621.3672)
OS uptime: 0 days 12:13 hours
Hyper-V role detected

CPU: total 16 (initial active 16) (16 cores per cpu, 2 threads per core) family 23 model 96 stepping 1 microcode 0x0, cx8, cmov, fxsr, ht, mmx, 3dnowpref, sse, sse2, sse3, ssse3, sse4a, sse4.1, sse4.2, popcnt, lzcnt, tsc, tscinvbit, avx, avx2, aes, clmul, bmi1, bmi2, adx, sha, fma, vzeroupper, clflush, clflushopt, hv
Processor Information for all 16 processors :
  Max Mhz: 2900, Current Mhz: 2900, Mhz Limit: 2900

Memory: 4k page, system-wide physical 15737M (1757M free)
TotalPageFile size 39712M (AvailPageFile size 5M)
current process WorkingSet (physical memory assigned to process): 11M, peak: 11M
current process commit charge ("private bytes"): 57M, peak: 58M

vm_info: OpenJDK 64-Bit Server VM (17.0.11+1-b1207.24) for windows-amd64 JRE (17.0.11+1-b1207.24), built on 2024-05-15 by "builduser" with MS VC++ 16.10 / 16.11 (VS2019)

END.
